This is pdfTeX, Version 3.1415926-2.5-1.40.14 (TeX Live 2013) (format=pdflatex 2013.5.30)  8 JUL 2017 16:07
entering extended mode
 \write18 enabled.
 %&-line parsing enabled.
**manual.tex
(./manual.tex
LaTeX2e <2011/06/27>
Babel <3.9f> and hyphenation patterns for 78 languages loaded.
(/usr/local/texlive/2013/texmf-dist/tex/latex/base/book.cls
Document Class: book 2007/10/19 v1.4h Standard LaTeX document class
(/usr/local/texlive/2013/texmf-dist/tex/latex/base/bk10.clo
File: bk10.clo 2007/10/19 v1.4h Standard LaTeX file (size option)
)
\c@part=\count79
\c@chapter=\count80
\c@section=\count81
\c@subsection=\count82
\c@subsubsection=\count83
\c@paragraph=\count84
\c@subparagraph=\count85
\c@figure=\count86
\c@table=\count87
\abovecaptionskip=\skip41
\belowcaptionskip=\skip42
\bibindent=\dimen102
)
(/usr/local/texlive/2013/texmf-dist/tex/latex/preprint/fullpage.sty
Package: fullpage 1999/02/23 1.1 (PWD)
\FP@margin=\skip43
)
(/usr/local/texlive/2013/texmf-dist/tex/latex/psnfss/mathpazo.sty
Package: mathpazo 2005/04/12 PSNFSS-v9.2a Palatino w/ Pazo Math (D.Puga, WaS) 
\symupright=\mathgroup4
)
(/usr/local/texlive/2013/texmf-dist/tex/latex/algorithmicx/algpseudocode.sty
Package: algpseudocode 

(/usr/local/texlive/2013/texmf-dist/tex/latex/base/ifthen.sty
Package: ifthen 2001/05/26 v1.1c Standard LaTeX ifthen package (DPC)
)
(/usr/local/texlive/2013/texmf-dist/tex/latex/algorithmicx/algorithmicx.sty
Package: algorithmicx 2005/04/27 v1.2 Algorithmicx

Document Style algorithmicx 1.2 - a greatly improved `algorithmic' style
\c@ALG@line=\count88
\c@ALG@rem=\count89
\c@ALG@nested=\count90
\ALG@tlm=\skip44
\ALG@thistlm=\skip45
\c@ALG@Lnr=\count91
\c@ALG@blocknr=\count92
\c@ALG@storecount=\count93
\c@ALG@tmpcounter=\count94
\ALG@tmplength=\skip46
)
Document Style - pseudocode environments for use with the `algorithmicx' style
) (/usr/local/texlive/2013/texmf-dist/tex/latex/amsmath/amsmath.sty
Package: amsmath 2013/01/14 v2.14 AMS math features
\@mathmargin=\skip47

For additional information on amsmath, use the `?' option.
(/usr/local/texlive/2013/texmf-dist/tex/latex/amsmath/amstext.sty
Package: amstext 2000/06/29 v2.01

(/usr/local/texlive/2013/texmf-dist/tex/latex/amsmath/amsgen.sty
File: amsgen.sty 1999/11/30 v2.0
\@emptytoks=\toks14
\ex@=\dimen103
))
(/usr/local/texlive/2013/texmf-dist/tex/latex/amsmath/amsbsy.sty
Package: amsbsy 1999/11/29 v1.2d
\pmbraise@=\dimen104
)
(/usr/local/texlive/2013/texmf-dist/tex/latex/amsmath/amsopn.sty
Package: amsopn 1999/12/14 v2.01 operator names
)
\inf@bad=\count95
LaTeX Info: Redefining \frac on input line 210.
\uproot@=\count96
\leftroot@=\count97
LaTeX Info: Redefining \overline on input line 306.
\classnum@=\count98
\DOTSCASE@=\count99
LaTeX Info: Redefining \ldots on input line 378.
LaTeX Info: Redefining \dots on input line 381.
LaTeX Info: Redefining \cdots on input line 466.
\Mathstrutbox@=\box26
\strutbox@=\box27
\big@size=\dimen105
LaTeX Font Info:    Redeclaring font encoding OML on input line 566.
LaTeX Font Info:    Redeclaring font encoding OMS on input line 567.
\macc@depth=\count100
\c@MaxMatrixCols=\count101
\dotsspace@=\muskip10
\c@parentequation=\count102
\dspbrk@lvl=\count103
\tag@help=\toks15
\row@=\count104
\column@=\count105
\maxfields@=\count106
\andhelp@=\toks16
\eqnshift@=\dimen106
\alignsep@=\dimen107
\tagshift@=\dimen108
\tagwidth@=\dimen109
\totwidth@=\dimen110
\lineht@=\dimen111
\@envbody=\toks17
\multlinegap=\skip48
\multlinetaggap=\skip49
\mathdisplay@stack=\toks18
LaTeX Info: Redefining \[ on input line 2665.
LaTeX Info: Redefining \] on input line 2666.
)
(/usr/local/texlive/2013/texmf-dist/tex/latex/base/latexsym.sty
Package: latexsym 1998/08/17 v2.2e Standard LaTeX package (lasy symbols)
\symlasy=\mathgroup5
LaTeX Font Info:    Overwriting symbol font `lasy' in version `bold'
(Font)                  U/lasy/m/n --> U/lasy/b/n on input line 47.
)
(/usr/local/texlive/2013/texmf-dist/tex/latex/graphics/graphicx.sty
Package: graphicx 1999/02/16 v1.0f Enhanced LaTeX Graphics (DPC,SPQR)

(/usr/local/texlive/2013/texmf-dist/tex/latex/graphics/keyval.sty
Package: keyval 1999/03/16 v1.13 key=value parser (DPC)
\KV@toks@=\toks19
)
(/usr/local/texlive/2013/texmf-dist/tex/latex/graphics/graphics.sty
Package: graphics 2009/02/05 v1.0o Standard LaTeX Graphics (DPC,SPQR)

(/usr/local/texlive/2013/texmf-dist/tex/latex/graphics/trig.sty
Package: trig 1999/03/16 v1.09 sin cos tan (DPC)
)
(/usr/local/texlive/2013/texmf-dist/tex/latex/latexconfig/graphics.cfg
File: graphics.cfg 2010/04/23 v1.9 graphics configuration of TeX Live
)
Package graphics Info: Driver file: pdftex.def on input line 91.

(/usr/local/texlive/2013/texmf-dist/tex/latex/pdftex-def/pdftex.def
File: pdftex.def 2011/05/27 v0.06d Graphics/color for pdfTeX

(/usr/local/texlive/2013/texmf-dist/tex/generic/oberdiek/infwarerr.sty
Package: infwarerr 2010/04/08 v1.3 Providing info/warning/error messages (HO)
)
(/usr/local/texlive/2013/texmf-dist/tex/generic/oberdiek/ltxcmds.sty
Package: ltxcmds 2011/11/09 v1.22 LaTeX kernel commands for general use (HO)
)
\Gread@gobject=\count107
))
\Gin@req@height=\dimen112
\Gin@req@width=\dimen113
)
(/usr/local/texlive/2013/texmf-dist/tex/latex/wrapfig/wrapfig.sty
\wrapoverhang=\dimen114
\WF@size=\dimen115
\c@WF@wrappedlines=\count108
\WF@box=\box28
\WF@everypar=\toks20
Package: wrapfig 2003/01/31  v 3.6
)
(/usr/local/texlive/2013/texmf-dist/tex/latex/tools/bm.sty
Package: bm 2004/02/26 v1.1c Bold Symbol Support (DPC/FMi)
\symboldoperators=\mathgroup6
\symboldletters=\mathgroup7
\symboldsymbols=\mathgroup8
\symboldupright=\mathgroup9
LaTeX Font Info:    Redeclaring math alphabet \mathbf on input line 138.
LaTeX Info: Redefining \bm on input line 204.
)
(/usr/local/texlive/2013/texmf-dist/tex/latex/qtree/qtree.sty
Package: 2008/12/12 v.3.1bQtree: tree-drawing for linguistics
Package: qtree 2008/12/12 v.3.1bQtree: tree-drawing for linguistics
(/usr/local/texlive/2013/texmf-dist/tex/latex/pict2e/pict2e.sty
Package: pict2e 2011/04/05 v0.2y Improved picture commands (HjG,RN,JT)

(/usr/local/texlive/2013/texmf-dist/tex/latex/pict2e/pict2e.cfg
File: pict2e.cfg 2011/04/05 v0.1t pict2e configuration for teTeX/TeXLive
)
Package pict2e Info: Driver file: pdftex.def on input line 119.
Package pict2e Info: Driver file for pict2e: p2e-pdftex.def on input line 121.

(/usr/local/texlive/2013/texmf-dist/tex/latex/pict2e/p2e-pdftex.def
File: p2e-pdftex.def 2011/04/05 v0.1t Driver-dependant file (RN,HjG,JT)
)
\pIIe@GRAPH=\toks21
\@arclen=\dimen116
\@arcrad=\dimen117
\@tempdimd=\dimen118
)
\c@treecount=\count109
\c@branchcount=\count110
\parentbox=\box29
\treebox=\box30
\treeboxone=\box31
\treeboxtwo=\box32
\treeboxthree=\box33
\treeboxfour=\box34
\treeboxfive=\box35
\treeboxsix=\box36
\treeboxseven=\box37
\treeboxeight=\box38
\treeboxnine=\box39
\treeboxten=\box40
\treeboxeleven=\box41
\treeboxtwelve=\box42
\treeboxthirteen=\box43
\treeboxfourteen=\box44
\treeboxfifteen=\box45
\treeboxsixteen=\box46
\treeboxseventeen=\box47
\treeboxeighteen=\box48
\treeboxnineteen=\box49
\treeboxtwenty=\box50
\treeoffsetone=\skip50
\treeoffsettwo=\skip51
\treeoffsetthree=\skip52
\treeoffsetfour=\skip53
\treeoffsetfive=\skip54
\treeoffsetsix=\skip55
\treeoffsetseven=\skip56
\treeoffseteight=\skip57
\treeoffsetnine=\skip58
\treeoffsetten=\skip59
\treeoffseteleven=\skip60
\treeoffsettwelve=\skip61
\treeoffsetthirteen=\skip62
\treeoffsetfourteen=\skip63
\treeoffsetfifteen=\skip64
\treeoffsetsixteen=\skip65
\treeoffsetseventeen=\skip66
\treeoffseteighteen=\skip67
\treeoffsetnineteen=\skip68
\treeoffsettwenty=\skip69
\treeshiftone=\skip70
\treeshifttwo=\skip71
\treeshiftthree=\skip72
\treeshiftfour=\skip73
\treeshiftfive=\skip74
\treeshiftsix=\skip75
\treeshiftseven=\skip76
\treeshifteight=\skip77
\treeshiftnine=\skip78
\treeshiftten=\skip79
\treeshifteleven=\skip80
\treeshifttwelve=\skip81
\treeshiftthirteen=\skip82
\treeshiftfourteen=\skip83
\treeshiftfifteen=\skip84
\treeshiftsixteen=\skip85
\treeshiftseventeen=\skip86
\treeshifteighteen=\skip87
\treeshiftnineteen=\skip88
\treeshifttwenty=\skip89
\treewidthone=\skip90
\treewidthtwo=\skip91
\treewidththree=\skip92
\treewidthfour=\skip93
\treewidthfive=\skip94
\treewidthsix=\skip95
\treewidthseven=\skip96
\treewidtheight=\skip97
\treewidthnine=\skip98
\treewidthten=\skip99
\treewidtheleven=\skip100
\treewidthtwelve=\skip101
\treewidththirteen=\skip102
\treewidthfourteen=\skip103
\treewidthfifteen=\skip104
\treewidthsixteen=\skip105
\treewidthseventeen=\skip106
\treewidtheighteen=\skip107
\treewidthnineteen=\skip108
\treewidthtwenty=\skip109
\daughteroffsetone=\skip110
\daughteroffsettwo=\skip111
\daughteroffsetthree=\skip112
\daughteroffsetfour=\skip113
\branchwidthone=\skip114
\branchwidthtwo=\skip115
\branchwidththree=\skip116
\branchwidthfour=\skip117
\parentoffset=\skip118
\treeoffset=\skip119
\daughteroffset=\skip120
\branchwidth=\skip121
\parentwidth=\skip122
\treewidth=\skip123
\qta=\toks22
\qtb=\toks23
\nbranches=\count111
\qroofx=\count112
\qroofy=\count113
\@qrscratchbox=\box51
)
(/usr/local/texlive/2013/texmf-dist/tex/latex/tools/array.sty
Package: array 2008/09/09 v2.4c Tabular extension package (FMi)
\col@sep=\dimen119
\extrarowheight=\dimen120
\NC@list=\toks24
\extratabsurround=\skip124
\backup@length=\skip125
)
(/usr/local/texlive/2013/texmf-dist/tex/latex/eurosym/eurosym.sty
Package: eurosym 1998/08/06 v1.1 European currency symbol ``Euro''
\@eurobox=\box52
)
(/usr/local/texlive/2013/texmf-dist/tex/latex/base/textcomp.sty
Package: textcomp 2005/09/27 v1.99g Standard LaTeX package
Package textcomp Info: Sub-encoding information:
(textcomp)               5 = only ISO-Adobe without \textcurrency
(textcomp)               4 = 5 + \texteuro
(textcomp)               3 = 4 + \textohm
(textcomp)               2 = 3 + \textestimated + \textcurrency
(textcomp)               1 = TS1 - \textcircled - \t
(textcomp)               0 = TS1 (full)
(textcomp)             Font families with sub-encoding setting implement
(textcomp)             only a restricted character set as indicated.
(textcomp)             Family '?' is the default used for unknown fonts.
(textcomp)             See the documentation for details.
Package textcomp Info: Setting ? sub-encoding to TS1/1 on input line 71.

(/usr/local/texlive/2013/texmf-dist/tex/latex/base/ts1enc.def
File: ts1enc.def 2001/06/05 v3.0e (jk/car/fm) Standard LaTeX file
)
LaTeX Info: Redefining \oldstylenums on input line 266.
Package textcomp Info: Setting cmr sub-encoding to TS1/0 on input line 281.
Package textcomp Info: Setting cmss sub-encoding to TS1/0 on input line 282.
Package textcomp Info: Setting cmtt sub-encoding to TS1/0 on input line 283.
Package textcomp Info: Setting cmvtt sub-encoding to TS1/0 on input line 284.
Package textcomp Info: Setting cmbr sub-encoding to TS1/0 on input line 285.
Package textcomp Info: Setting cmtl sub-encoding to TS1/0 on input line 286.
Package textcomp Info: Setting ccr sub-encoding to TS1/0 on input line 287.
Package textcomp Info: Setting ptm sub-encoding to TS1/4 on input line 288.
Package textcomp Info: Setting pcr sub-encoding to TS1/4 on input line 289.
Package textcomp Info: Setting phv sub-encoding to TS1/4 on input line 290.
Package textcomp Info: Setting ppl sub-encoding to TS1/3 on input line 291.
Package textcomp Info: Setting pag sub-encoding to TS1/4 on input line 292.
Package textcomp Info: Setting pbk sub-encoding to TS1/4 on input line 293.
Package textcomp Info: Setting pnc sub-encoding to TS1/4 on input line 294.
Package textcomp Info: Setting pzc sub-encoding to TS1/4 on input line 295.
Package textcomp Info: Setting bch sub-encoding to TS1/4 on input line 296.
Package textcomp Info: Setting put sub-encoding to TS1/5 on input line 297.
Package textcomp Info: Setting uag sub-encoding to TS1/5 on input line 298.
Package textcomp Info: Setting ugq sub-encoding to TS1/5 on input line 299.
Package textcomp Info: Setting ul8 sub-encoding to TS1/4 on input line 300.
Package textcomp Info: Setting ul9 sub-encoding to TS1/4 on input line 301.
Package textcomp Info: Setting augie sub-encoding to TS1/5 on input line 302.
Package textcomp Info: Setting dayrom sub-encoding to TS1/3 on input line 303.
Package textcomp Info: Setting dayroms sub-encoding to TS1/3 on input line 304.

Package textcomp Info: Setting pxr sub-encoding to TS1/0 on input line 305.
Package textcomp Info: Setting pxss sub-encoding to TS1/0 on input line 306.
Package textcomp Info: Setting pxtt sub-encoding to TS1/0 on input line 307.
Package textcomp Info: Setting txr sub-encoding to TS1/0 on input line 308.
Package textcomp Info: Setting txss sub-encoding to TS1/0 on input line 309.
Package textcomp Info: Setting txtt sub-encoding to TS1/0 on input line 310.
Package textcomp Info: Setting lmr sub-encoding to TS1/0 on input line 311.
Package textcomp Info: Setting lmdh sub-encoding to TS1/0 on input line 312.
Package textcomp Info: Setting lmss sub-encoding to TS1/0 on input line 313.
Package textcomp Info: Setting lmssq sub-encoding to TS1/0 on input line 314.
Package textcomp Info: Setting lmvtt sub-encoding to TS1/0 on input line 315.
Package textcomp Info: Setting qhv sub-encoding to TS1/0 on input line 316.
Package textcomp Info: Setting qag sub-encoding to TS1/0 on input line 317.
Package textcomp Info: Setting qbk sub-encoding to TS1/0 on input line 318.
Package textcomp Info: Setting qcr sub-encoding to TS1/0 on input line 319.
Package textcomp Info: Setting qcs sub-encoding to TS1/0 on input line 320.
Package textcomp Info: Setting qpl sub-encoding to TS1/0 on input line 321.
Package textcomp Info: Setting qtm sub-encoding to TS1/0 on input line 322.
Package textcomp Info: Setting qzc sub-encoding to TS1/0 on input line 323.
Package textcomp Info: Setting qhvc sub-encoding to TS1/0 on input line 324.
Package textcomp Info: Setting futs sub-encoding to TS1/4 on input line 325.
Package textcomp Info: Setting futx sub-encoding to TS1/4 on input line 326.
Package textcomp Info: Setting futj sub-encoding to TS1/4 on input line 327.
Package textcomp Info: Setting hlh sub-encoding to TS1/3 on input line 328.
Package textcomp Info: Setting hls sub-encoding to TS1/3 on input line 329.
Package textcomp Info: Setting hlst sub-encoding to TS1/3 on input line 330.
Package textcomp Info: Setting hlct sub-encoding to TS1/5 on input line 331.
Package textcomp Info: Setting hlx sub-encoding to TS1/5 on input line 332.
Package textcomp Info: Setting hlce sub-encoding to TS1/5 on input line 333.
Package textcomp Info: Setting hlcn sub-encoding to TS1/5 on input line 334.
Package textcomp Info: Setting hlcw sub-encoding to TS1/5 on input line 335.
Package textcomp Info: Setting hlcf sub-encoding to TS1/5 on input line 336.
Package textcomp Info: Setting pplx sub-encoding to TS1/3 on input line 337.
Package textcomp Info: Setting pplj sub-encoding to TS1/3 on input line 338.
Package textcomp Info: Setting ptmx sub-encoding to TS1/4 on input line 339.
Package textcomp Info: Setting ptmj sub-encoding to TS1/4 on input line 340.
)
(/usr/local/texlive/2013/texmf-dist/tex/latex/base/makeidx.sty
Package: makeidx 2000/03/29 v1.0m Standard LaTeX package
)
(/usr/local/texlive/2013/texmf-dist/tex/latex/rotating/rotating.sty
Package: rotating 2009/03/28 v2.16a rotated objects in LaTeX
\c@r@tfl@t=\count114
\rotFPtop=\skip126
\rotFPbot=\skip127
\rot@float@box=\box53
\rot@mess@toks=\toks25
)
(/usr/local/texlive/2013/texmf-dist/tex/latex/multirow/multirow.sty
\bigstrutjot=\dimen121
)
(/usr/local/texlive/2013/texmf-dist/tex/latex/tools/multicol.sty
Package: multicol 2011/06/27 v1.7a multicolumn formatting (FMi)
\c@tracingmulticols=\count115
\mult@box=\box54
\multicol@leftmargin=\dimen122
\c@unbalance=\count116
\c@collectmore=\count117
\doublecol@number=\count118
\multicoltolerance=\count119
\multicolpretolerance=\count120
\full@width=\dimen123
\page@free=\dimen124
\premulticols=\dimen125
\postmulticols=\dimen126
\multicolsep=\skip128
\multicolbaselineskip=\skip129
\partial@page=\box55
\last@line=\box56
\mult@rightbox=\box57
\mult@grightbox=\box58
\mult@gfirstbox=\box59
\mult@firstbox=\box60
\@tempa=\box61
\@tempa=\box62
\@tempa=\box63
\@tempa=\box64
\@tempa=\box65
\@tempa=\box66
\@tempa=\box67
\@tempa=\box68
\@tempa=\box69
\@tempa=\box70
\@tempa=\box71
\@tempa=\box72
\@tempa=\box73
\@tempa=\box74
\@tempa=\box75
\@tempa=\box76
\@tempa=\box77
\c@columnbadness=\count121
\c@finalcolumnbadness=\count122
\last@try=\dimen127
\multicolovershoot=\dimen128
\multicolundershoot=\dimen129
\mult@nat@firstbox=\box78
\colbreak@box=\box79
\multicol@sort@counter=\count123
)
(/usr/local/texlive/2013/texmf-dist/tex/latex/microtype/microtype.sty
Package: microtype 2013/05/23 v2.5a Micro-typographical refinements (RS)
\MT@toks=\toks26
\MT@count=\count124
LaTeX Info: Redefining \textls on input line 766.
\MT@outer@kern=\dimen130
LaTeX Info: Redefining \textmicrotypecontext on input line 1285.
\MT@listname@count=\count125

(/usr/local/texlive/2013/texmf-dist/tex/latex/microtype/microtype-pdftex.def
File: microtype-pdftex.def 2013/05/23 v2.5a Definitions specific to pdftex (RS)

LaTeX Info: Redefining \lsstyle on input line 915.
LaTeX Info: Redefining \lslig on input line 915.
\MT@outer@space=\skip130
)
Package microtype Info: Loading configuration file microtype.cfg.

(/usr/local/texlive/2013/texmf-dist/tex/latex/microtype/microtype.cfg
File: microtype.cfg 2013/05/23 v2.5a microtype main configuration file (RS)
))
(/usr/local/texlive/2013/texmf-dist/tex/latex/tools/afterpage.sty
Package: afterpage 1995/10/27 v1.08 After-Page Package (DPC)
\AP@output=\toks27
\AP@partial=\box80
\AP@footins=\box81
)
(/usr/local/texlive/2013/texmf-dist/tex/latex/graphics/color.sty
Package: color 2005/11/14 v1.0j Standard LaTeX Color (DPC)

(/usr/local/texlive/2013/texmf-dist/tex/latex/latexconfig/color.cfg
File: color.cfg 2007/01/18 v1.5 color configuration of teTeX/TeXLive
)
Package color Info: Driver file: pdftex.def on input line 130.
)
(/usr/local/texlive/2013/texmf-dist/tex/latex/caption/caption.sty
Package: caption 2013/05/02 v3.3-89 Customizing captions (AR)

(/usr/local/texlive/2013/texmf-dist/tex/latex/caption/caption3.sty
Package: caption3 2013/05/02 v1.6-88 caption3 kernel (AR)
Package caption3 Info: TeX engine: e-TeX on input line 57.
\captionmargin=\dimen131
\captionmargin@=\dimen132
\captionwidth=\dimen133
\caption@tempdima=\dimen134
\caption@indent=\dimen135
\caption@parindent=\dimen136
\caption@hangindent=\dimen137
)
\c@ContinuedFloat=\count126
Package caption Info: rotating package is loaded.
Package caption Info: wrapfig package is loaded.
)
(/usr/local/texlive/2013/texmf-dist/tex/latex/natbib/bibentry.sty
Package: bibentry 2007/10/30 1.5 (PWD)
)
(/usr/local/texlive/2013/texmf-dist/tex/latex/hyperref/hyperref.sty
Package: hyperref 2012/11/06 v6.83m Hypertext links for LaTeX

(/usr/local/texlive/2013/texmf-dist/tex/generic/oberdiek/hobsub-hyperref.sty
Package: hobsub-hyperref 2012/05/28 v1.13 Bundle oberdiek, subset hyperref (HO)


(/usr/local/texlive/2013/texmf-dist/tex/generic/oberdiek/hobsub-generic.sty
Package: hobsub-generic 2012/05/28 v1.13 Bundle oberdiek, subset generic (HO)
Package: hobsub 2012/05/28 v1.13 Construct package bundles (HO)
Package hobsub Info: Skipping package `infwarerr' (already loaded).
Package hobsub Info: Skipping package `ltxcmds' (already loaded).
Package: ifluatex 2010/03/01 v1.3 Provides the ifluatex switch (HO)
Package ifluatex Info: LuaTeX not detected.
Package: ifvtex 2010/03/01 v1.5 Detect VTeX and its facilities (HO)
Package ifvtex Info: VTeX not detected.
Package: intcalc 2007/09/27 v1.1 Expandable calculations with integers (HO)
Package: ifpdf 2011/01/30 v2.3 Provides the ifpdf switch (HO)
Package ifpdf Info: pdfTeX in PDF mode is detected.
Package: etexcmds 2011/02/16 v1.5 Avoid name clashes with e-TeX commands (HO)
Package etexcmds Info: Could not find \expanded.
(etexcmds)             That can mean that you are not using pdfTeX 1.50 or
(etexcmds)             that some package has redefined \expanded.
(etexcmds)             In the latter case, load this package earlier.
Package: kvsetkeys 2012/04/25 v1.16 Key value parser (HO)
Package: kvdefinekeys 2011/04/07 v1.3 Define keys (HO)
Package: pdftexcmds 2011/11/29 v0.20 Utility functions of pdfTeX for LuaTeX (HO
)
Package pdftexcmds Info: LuaTeX not detected.
Package pdftexcmds Info: \pdf@primitive is available.
Package pdftexcmds Info: \pdf@ifprimitive is available.
Package pdftexcmds Info: \pdfdraftmode found.
Package: pdfescape 2011/11/25 v1.13 Implements pdfTeX's escape features (HO)
Package: bigintcalc 2012/04/08 v1.3 Expandable calculations on big integers (HO
)
Package: bitset 2011/01/30 v1.1 Handle bit-vector datatype (HO)
Package: uniquecounter 2011/01/30 v1.2 Provide unlimited unique counter (HO)
)
Package hobsub Info: Skipping package `hobsub' (already loaded).
Package: letltxmacro 2010/09/02 v1.4 Let assignment for LaTeX macros (HO)
Package: hopatch 2012/05/28 v1.2 Wrapper for package hooks (HO)
Package: xcolor-patch 2011/01/30 xcolor patch
Package: atveryend 2011/06/30 v1.8 Hooks at the very end of document (HO)
Package atveryend Info: \AP@enddocument detected (standard20110627).
Package: atbegshi 2011/10/05 v1.16 At begin shipout hook (HO)
Package: refcount 2011/10/16 v3.4 Data extraction from label references (HO)
Package: hycolor 2011/01/30 v1.7 Color options for hyperref/bookmark (HO)
)
(/usr/local/texlive/2013/texmf-dist/tex/generic/ifxetex/ifxetex.sty
Package: ifxetex 2010/09/12 v0.6 Provides ifxetex conditional
)
(/usr/local/texlive/2013/texmf-dist/tex/latex/oberdiek/auxhook.sty
Package: auxhook 2011/03/04 v1.3 Hooks for auxiliary files (HO)
)
(/usr/local/texlive/2013/texmf-dist/tex/latex/oberdiek/kvoptions.sty
Package: kvoptions 2011/06/30 v3.11 Key value format for package options (HO)
)
\@linkdim=\dimen138
\Hy@linkcounter=\count127
\Hy@pagecounter=\count128

(/usr/local/texlive/2013/texmf-dist/tex/latex/hyperref/pd1enc.def
File: pd1enc.def 2012/11/06 v6.83m Hyperref: PDFDocEncoding definition (HO)
)
\Hy@SavedSpaceFactor=\count129

(/usr/local/texlive/2013/texmf-dist/tex/latex/latexconfig/hyperref.cfg
File: hyperref.cfg 2002/06/06 v1.2 hyperref configuration of TeXLive
)
Package hyperref Info: Option `hyperfootnotes' set `false' on input line 4319.
Package hyperref Info: Option `linktocpage' set `true' on input line 4319.
Package hyperref Info: Hyper figures OFF on input line 4443.
Package hyperref Info: Link nesting OFF on input line 4448.
Package hyperref Info: Hyper index ON on input line 4451.
Package hyperref Info: Plain pages OFF on input line 4458.
Package hyperref Info: Backreferencing OFF on input line 4463.
Package hyperref Info: Implicit mode ON; LaTeX internals redefined.
Package hyperref Info: Bookmarks ON on input line 4688.
\c@Hy@tempcnt=\count130

(/Users/sean/Library/texmf/tex/latex/html/url.sty
Package: url 1999/03/02  ver 1.4  Verb mode for urls, email addresses, and file
 names
)
LaTeX Info: Redefining \url on input line 5041.
\XeTeXLinkMargin=\dimen139
\Fld@menulength=\count131
\Field@Width=\dimen140
\Fld@charsize=\dimen141
Package hyperref Info: Hyper figures OFF on input line 6295.
Package hyperref Info: Link nesting OFF on input line 6300.
Package hyperref Info: Hyper index ON on input line 6303.
Package hyperref Info: backreferencing OFF on input line 6310.
Package hyperref Info: Link coloring OFF on input line 6315.
Package hyperref Info: Link coloring with OCG OFF on input line 6320.
Package hyperref Info: PDF/A mode OFF on input line 6325.
LaTeX Info: Redefining \ref on input line 6365.
LaTeX Info: Redefining \pageref on input line 6369.
\Hy@abspage=\count132
\c@Item=\count133
)

Package hyperref Message: Driver (autodetected): hpdftex.

(/usr/local/texlive/2013/texmf-dist/tex/latex/hyperref/hpdftex.def
File: hpdftex.def 2012/11/06 v6.83m Hyperref driver for pdfTeX
\Fld@listcount=\count134
\c@bookmark@seq@number=\count135

(/usr/local/texlive/2013/texmf-dist/tex/latex/oberdiek/rerunfilecheck.sty
Package: rerunfilecheck 2011/04/15 v1.7 Rerun checks for auxiliary files (HO)
Package uniquecounter Info: New unique counter `rerunfilecheck' on input line 2
82.
)
\Hy@SectionHShift=\skip131
)
\c@algm=\count136
\c@defn=\count137
\@indexfile=\write3
\openout3 = `manual.idx'.


Writing index file manual.idx
(./manual.aux

LaTeX Warning: Label `ec.Statistics' multiply defined.

)
\openout1 = `manual.aux'.

LaTeX Font Info:    Checking defaults for OML/cmm/m/it on input line 147.
LaTeX Font Info:    ... okay on input line 147.
LaTeX Font Info:    Checking defaults for T1/cmr/m/n on input line 147.
LaTeX Font Info:    ... okay on input line 147.
LaTeX Font Info:    Checking defaults for OT1/cmr/m/n on input line 147.
LaTeX Font Info:    ... okay on input line 147.
LaTeX Font Info:    Checking defaults for OMS/cmsy/m/n on input line 147.
LaTeX Font Info:    ... okay on input line 147.
LaTeX Font Info:    Checking defaults for OMX/cmex/m/n on input line 147.
LaTeX Font Info:    ... okay on input line 147.
LaTeX Font Info:    Checking defaults for U/cmr/m/n on input line 147.
LaTeX Font Info:    ... okay on input line 147.
LaTeX Font Info:    Checking defaults for TS1/cmr/m/n on input line 147.
LaTeX Font Info:    Try loading font information for TS1+cmr on input line 147.

 (/usr/local/texlive/2013/texmf-dist/tex/latex/base/ts1cmr.fd
File: ts1cmr.fd 1999/05/25 v2.5h Standard LaTeX font definitions
)
LaTeX Font Info:    ... okay on input line 147.
LaTeX Font Info:    Checking defaults for PD1/pdf/m/n on input line 147.
LaTeX Font Info:    ... okay on input line 147.
LaTeX Font Info:    Try loading font information for OT1+ppl on input line 147.


(/usr/local/texlive/2013/texmf-dist/tex/latex/psnfss/ot1ppl.fd
File: ot1ppl.fd 2001/06/04 font definitions for OT1/ppl.
)
(/usr/local/texlive/2013/texmf-dist/tex/context/base/supp-pdf.mkii
[Loading MPS to PDF converter (version 2006.09.02).]
\scratchcounter=\count138
\scratchdimen=\dimen142
\scratchbox=\box82
\nofMPsegments=\count139
\nofMParguments=\count140
\everyMPshowfont=\toks28
\MPscratchCnt=\count141
\MPscratchDim=\dimen143
\MPnumerator=\count142
\makeMPintoPDFobject=\count143
\everyMPtoPDFconversion=\toks29
) (/usr/local/texlive/2013/texmf-dist/tex/latex/oberdiek/epstopdf-base.sty
Package: epstopdf-base 2010/02/09 v2.5 Base part for package epstopdf

(/usr/local/texlive/2013/texmf-dist/tex/latex/oberdiek/grfext.sty
Package: grfext 2010/08/19 v1.1 Manage graphics extensions (HO)
)
Package grfext Info: Graphics extension search list:
(grfext)             [.png,.pdf,.jpg,.mps,.jpeg,.jbig2,.jb2,.PNG,.PDF,.JPG,.JPE
G,.JBIG2,.JB2,.eps]
(grfext)             \AppendGraphicsExtensions on input line 452.

(/usr/local/texlive/2013/texmf-dist/tex/latex/latexconfig/epstopdf-sys.cfg
File: epstopdf-sys.cfg 2010/07/13 v1.3 Configuration of (r)epstopdf for TeX Liv
e
))
LaTeX Info: Redefining \microtypecontext on input line 147.
Package microtype Info: Generating PDF output.
Package microtype Info: Character protrusion enabled (level 2).
Package microtype Info: Using default protrusion set `alltext'.
Package microtype Info: Automatic font expansion enabled (level 2),
(microtype)             stretch: 20, shrink: 20, step: 1, non-selected.
Package microtype Info: Using default expansion set `basictext'.
Package microtype Info: No adjustment of tracking.
Package microtype Info: No adjustment of interword spacing.
Package microtype Info: No adjustment of character kerning.

(/usr/local/texlive/2013/texmf-dist/tex/latex/microtype/mt-ppl.cfg
File: mt-ppl.cfg 2005/11/16 v1.6 microtype config. file: Palatino (RS)
)
Package caption Info: Begin \AtBeginDocument code.
Package caption Info: hyperref package is loaded.
Package caption Info: End \AtBeginDocument code.
\AtBeginShipoutBox=\box83
Package hyperref Info: Link coloring OFF on input line 147.

(/usr/local/texlive/2013/texmf-dist/tex/latex/hyperref/nameref.sty
Package: nameref 2012/10/27 v2.43 Cross-referencing by name of section

(/usr/local/texlive/2013/texmf-dist/tex/generic/oberdiek/gettitlestring.sty
Package: gettitlestring 2010/12/03 v1.4 Cleanup title references (HO)
)
\c@section@level=\count144
)
LaTeX Info: Redefining \ref on input line 147.
LaTeX Info: Redefining \pageref on input line 147.
LaTeX Info: Redefining \nameref on input line 147.

(./manual.out) (./manual.out)
\@outlinefile=\write4
\openout4 = `manual.out'.

LaTeX Font Info:    Font shape `OT1/ppl/bx/n' in size <20.74> not available
(Font)              Font shape `OT1/ppl/b/n' tried instead on input line 150.
LaTeX Font Info:    Font shape `OT1/ppl/bx/n' in size <12> not available
(Font)              Font shape `OT1/ppl/b/n' tried instead on input line 152.
LaTeX Font Info:    Font shape `OT1/ppl/bx/n' in size <14.4> not available
(Font)              Font shape `OT1/ppl/b/n' tried instead on input line 154.

Underfull \hbox (badness 10000) in paragraph at lines 150--163

 []


Underfull \hbox (badness 10000) in paragraph at lines 150--163

 []


Underfull \hbox (badness 10000) in paragraph at lines 150--163

 []


Underfull \hbox (badness 10000) in paragraph at lines 150--163

 []


Underfull \hbox (badness 10000) in paragraph at lines 150--163

 []

LaTeX Font Info:    Try loading font information for OML+zplm on input line 166
.
(/usr/local/texlive/2013/texmf-dist/tex/latex/psnfss/omlzplm.fd
File: omlzplm.fd 2002/09/08 Fontinst v1.914 font definitions for OML/zplm.
)
LaTeX Font Info:    Try loading font information for OMS+zplm on input line 166
.

(/usr/local/texlive/2013/texmf-dist/tex/latex/psnfss/omszplm.fd
File: omszplm.fd 2002/09/08 Fontinst v1.914 font definitions for OMS/zplm.
)
LaTeX Font Info:    Try loading font information for OMX+zplm on input line 166
.

(/usr/local/texlive/2013/texmf-dist/tex/latex/psnfss/omxzplm.fd
File: omxzplm.fd 2002/09/08 Fontinst v1.914 font definitions for OMX/zplm.
)
LaTeX Font Info:    Try loading font information for OT1+zplm on input line 166
.

(/usr/local/texlive/2013/texmf-dist/tex/latex/psnfss/ot1zplm.fd
File: ot1zplm.fd 2002/09/08 Fontinst v1.914 font definitions for OT1/zplm.
)
Package microtype Info: Loading generic settings for font family
(microtype)             `zplm' (encoding: OT1).
(microtype)             For optimal results, create family-specific settings.
(microtype)             See the microtype manual for details.
LaTeX Font Info:    Try loading font information for U+lasy on input line 166.

(/usr/local/texlive/2013/texmf-dist/tex/latex/base/ulasy.fd
File: ulasy.fd 1998/08/17 v2.2e LaTeX symbol font definitions
) [-1

{/usr/local/texlive/2013/texmf-var/fonts/map/pdftex/updmap/pdftex.map}]
Package microtype Info: Loading generic settings for font family
(microtype)             `cmss' (encoding: OT1).
(microtype)             For optimal results, create family-specific settings.
(microtype)             See the microtype manual for details.
LaTeX Font Info:    Font shape `OT1/ppl/bx/n' in size <9> not available
(Font)              Font shape `OT1/ppl/b/n' tried instead on input line 185.
LaTeX Font Info:    Try loading font information for TS1+ppl on input line 187.


(/usr/local/texlive/2013/texmf-dist/tex/latex/psnfss/ts1ppl.fd
File: ts1ppl.fd 2001/06/04 font definitions for TS1/ppl.
) [0

]
LaTeX Font Info:    Font shape `OT1/ppl/bx/n' in size <24.88> not available
(Font)              Font shape `OT1/ppl/b/n' tried instead on input line 201.

(./manual.toc
LaTeX Font Info:    Font shape `OT1/ppl/bx/n' in size <10> not available
(Font)              Font shape `OT1/ppl/b/n' tried instead on input line 1.
 [1


] [2] [3] [4])
\tf@toc=\write5
\openout5 = `manual.toc'.

 [5] [6


]
Chapter 1.
<EvolutionState.pdf, id=1104, 589.20186pt x 638.38562pt>
File: EvolutionState.pdf Graphic file (type pdf)

<use EvolutionState.pdf>
Package pdftex.def Info: EvolutionState.pdf used on input line 225.
(pdftex.def)             Requested size: 420.22424pt x 455.30121pt.
 [7] [8 <./EvolutionState.pdf>]
<Operators.pdf, id=1138, 631.35936pt x 578.16061pt>
File: Operators.pdf Graphic file (type pdf)
 <use Operators.pdf>
Package pdftex.def Info: Operators.pdf used on input line 244.
(pdftex.def)             Requested size: 361.34999pt x 330.90474pt.

<StateObjects.pdf, id=1139, 602.25061pt x 494.84937pt>
File: StateObjects.pdf Graphic file (type pdf)
 <use StateObjects.pdf>
Package pdftex.def Info: StateObjects.pdf used on input line 257.
(pdftex.def)             Requested size: 339.66878pt x 279.10715pt.

[9

] [10 <./Operators.pdf>] <parsetree.pdf, id=1174, 415.95703pt x 399.892pt>
File: parsetree.pdf Graphic file (type pdf)

<use parsetree.pdf>
Package pdftex.def Info: parsetree.pdf used on input line 293.
(pdftex.def)             Requested size: 289.07999pt x 277.92719pt.
 [11 <./StateObjects.pdf>]
LaTeX Font Info:    Try loading font information for OMS+ppl on input line 308.


(/usr/local/texlive/2013/texmf-dist/tex/latex/psnfss/omsppl.fd
File: omsppl.fd 
)
LaTeX Font Info:    Font shape `OMS/ppl/m/n' in size <10> not available
(Font)              Font shape `OMS/cmsy/m/n' tried instead on input line 308.
 [12 <./parsetree.pdf>] [13] [14] [15] [16]
Chapter 2.
Package microtype Info: Loading generic settings for font family
(microtype)             `cmtt' (encoding: OT1).
(microtype)             For optimal results, create family-specific settings.
(microtype)             See the microtype manual for details.

Overfull \hbox (3.98735pt too wide) in paragraph at lines 448--448
[]\OT1/cmtt/m/n/9 java ec.Evolve -from \OT1/cmtt/m/it/9 myParameterFile.params 
\OT1/cmtt/m/n/9 -at \OT1/cmtt/m/it/9 relative.to.Classname \OT1/cmtt/m/n/9 -p \
OT1/cmtt/m/it/9 param=value  \OT1/ppl/m/it/9 (-20) (etc.) 
 []

[17

] [18]
Underfull \hbox (badness 10000) in paragraph at lines 528--528

 []

[19]
LaTeX Font Info:    Try loading font information for OMS+cmtt on input line 601
.
LaTeX Font Info:    No file OMScmtt.fd. on input line 601.


LaTeX Font Warning: Font shape `OMS/cmtt/m/n' undefined
(Font)              using `OMS/cmsy/m/n' instead
(Font)              for symbol `textbackslash' on input line 601.

[20]
LaTeX Font Info:    Try loading font information for TS1+cmtt on input line 655
.
 (/usr/local/texlive/2013/texmf-dist/tex/latex/base/ts1cmtt.fd
File: ts1cmtt.fd 1999/05/25 v2.5h Standard LaTeX font definitions
)
Package microtype Info: Loading generic settings for font family
(microtype)             `cmtt' (encoding: TS1).
(microtype)             For optimal results, create family-specific settings.
(microtype)             See the microtype manual for details.
 [21]
[22] [23] [24]

LaTeX Font Warning: Font shape `OT1/cmss/m/it' in size <9> not available
(Font)              Font shape `OT1/cmss/m/sl' tried instead on input line 871.


[25] [26] [27]
Underfull \hbox (badness 10000) in paragraph at lines 1015--1015

 []

[28] [29] [30] [31] [32]
LaTeX Font Info:    Font shape `OT1/ppl/bx/n' in size <8> not available
(Font)              Font shape `OT1/ppl/b/n' tried instead on input line 1210.
LaTeX Font Info:    Font shape `OMS/ppl/m/n' in size <8> not available
(Font)              Font shape `OMS/cmsy/m/n' tried instead on input line 1213.

 [33] [34]

LaTeX Font Warning: Font shape `OT1/cmss/m/it' in size <10> not available
(Font)              Font shape `OT1/cmss/m/sl' tried instead on input line 1337
.

[35] [36] [37]
LaTeX Font Info:    Font shape `OT1/ppl/bx/it' in size <10> not available
(Font)              Font shape `OT1/ppl/b/it' tried instead on input line 1512.

 [38] [39] [40] [41] [42] [43] [44] [45] [46]
Overfull \hbox (12.19078pt too wide) in paragraph at lines 1859--1859
[]\OT1/cmtt/m/n/10 public void evaluate(EvolutionState state, Individual ind, i
nt subpopulation, int threadnum)[] 
 []


Overfull \hbox (1.16588pt too wide) in paragraph at lines 1859--1859
[]        \OT1/cmtt/m/n/10 Simulation mySimulation = new Simulation(state.rando
m[threadnum], threadnum, ...);[] 
 []

[47] [48] [49]
Overfull \hbox (43.6905pt too wide) in paragraph at lines 1984--1984
[]\OT1/cmtt/m/n/10 public void describe(EvolutionState state, Individual ind, i
nt subpopulation, int thread, int log)[] 
 []

[50] [51] [52]
Chapter 3.
File: Operators.pdf Graphic file (type pdf)
<use Operators.pdf>
Package pdftex.def Info: Operators.pdf used on input line 2127.
(pdftex.def)             Requested size: 361.34999pt x 330.90474pt.
 [53

] [54] [55]
File: StateObjects.pdf Graphic file (type pdf)
 <use StateObjects.pdf>
Package pdftex.def Info: StateObjects.pdf used on input line 2262.
(pdftex.def)             Requested size: 339.66878pt x 279.10715pt.
 [56] [57]
Overfull \hbox (27.5pt too wide) in paragraph at lines 2312--2317
[] [] 
 []


Overfull \hbox (27.5pt too wide) in paragraph at lines 2320--2325
[] [] 
 []

[58]
Overfull \hbox (27.5pt too wide) in paragraph at lines 2336--2341
[] [] 
 []


Underfull \hbox (badness 10000) in paragraph at lines 2372--2372

 []

[59] [60] [61] [62] [63]
Underfull \hbox (badness 10000) in paragraph at lines 2634--2634

 []


Underfull \hbox (badness 10000) in paragraph at lines 2645--2645

 []

[64]
Underfull \hbox (badness 10000) in paragraph at lines 2686--2686

 []

[65] [66] [67] [68] [69] [70] [71] [72] [73] [74]
<BreedingPipelines.pdf, id=1628, 690.58pt x 410.53375pt>
File: BreedingPipelines.pdf Graphic file (type pdf)

<use BreedingPipelines.pdf>
Package pdftex.def Info: BreedingPipelines.pdf used on input line 3168.
(pdftex.def)             Requested size: 461.95912pt x 274.6262pt.
 [75 <./BreedingPipelines.pdf>] [76] [77]
Underfull \hbox (badness 4316) in paragraph at lines 3280--3281
\OT1/ppl/m/n/10 (+20) Selection Meth-ods by de-fault im-ple-ment the []\OT1/cms
s/m/n/10 (+20) typ-i-calInd-sPro-duced() \OT1/ppl/m/n/10 (+20) method to re-tur
n []\OT1/cmss/m/n/10 (+20) Se-lec-tion-
 []

[78]
Overfull \hbox (33.45163pt too wide) in paragraph at lines 3345--3345
[]\OT1/cmtt/m/n/9 public int produceWithoutCloning(int min, int max, int subpop
ulation, java.util.ArrayList<Individual> inds,[] 
 []

[79] [80] [81] [82] [83] [84] [85] [86] [87]
<stubbefore.pdf, id=1706, 558.08562pt x 309.15561pt>
File: stubbefore.pdf Graphic file (type pdf)
 <use stubbefore.pdf>
Package pdftex.def Info: stubbefore.pdf used on input line 3805.
(pdftex.def)             Requested size: 252.94499pt x 140.1188pt.

<stubafter.pdf, id=1707, 366.36937pt x 309.15561pt>
File: stubafter.pdf Graphic file (type pdf)
 <use stubafter.pdf>
Package pdftex.def Info: stubafter.pdf used on input line 3806.
(pdftex.def)             Requested size: 180.67499pt x 152.45934pt.

Underfull \hbox (badness 10000) in paragraph at lines 3823--3823

 []


Underfull \hbox (badness 10000) in paragraph at lines 3837--3837

 []


Overfull \hbox (10.31523pt too wide) in paragraph at lines 3837--3837
\OT1/cmtt/m/n/9 pop.subpop.0.pipe.0.source.0.source.1.source.0.source.0 = ec.se
lect.TournamentSelection 
 []

[88 <./stubbefore.pdf> <./stubafter.pdf>]
File: BreedingPipelines.pdf Graphic file (type pdf)
 <use BreedingPipelines.pdf>
Package pdftex.def Info: BreedingPipelines.pdf used on input line 3850.
(pdftex.def)             Requested size: 461.95912pt x 274.6262pt.
 [89]
[90]
Underfull \hbox (badness 2285) in paragraph at lines 3970--3971
[]\OT1/ppl/m/n/10 (+20) Unless you're do-ing Is-land Mod-els, al-most cer-tainl
y you'll use a de-fault Ex-changer called
 []

[91] [92] [93] [94] [95] [96]
Underfull \hbox (badness 10000) in paragraph at lines 4306--4306

 []


Underfull \hbox (badness 10000) in paragraph at lines 4306--4306

 []


Underfull \hbox (badness 10000) in paragraph at lines 4306--4306

 []


Underfull \hbox (badness 10000) in paragraph at lines 4321--4321

 []


Underfull \hbox (badness 10000) in paragraph at lines 4321--4321

 []


Underfull \hbox (badness 10000) in paragraph at lines 4321--4321

 []

[97] [98] [99] [100] [101]
Overfull \hbox (10.7719pt too wide) in paragraph at lines 4606--4606
[]                \OT1/cmtt/m/n/9 state.population.subpops.get(0).individuals.g
et(i).printIndividualForHumans(state, 0);[] 
 []

[102] [103] [104]
Chapter 4.
File: EvolutionState.pdf Graphic file (type pdf)
<use EvolutionState.pdf>
Package pdftex.def Info: EvolutionState.pdf used on input line 4731.
(pdftex.def)             Requested size: 420.22424pt x 455.30121pt.
 [105

] [106]
Underfull \hbox (badness 10000) in paragraph at lines 4816--4816

 []

[107

]
Underfull \hbox (badness 10000) in paragraph at lines 4840--4840

 []

[108]
Underfull \hbox (badness 10000) in paragraph at lines 4874--4874

 []

[109] [110] <SteadyState.pdf, id=1920, 700.61812pt x 1171.37723pt>
File: SteadyState.pdf Graphic file (type pdf)

<use SteadyState.pdf>
Package pdftex.def Info: SteadyState.pdf used on input line 5054.
(pdftex.def)             Requested size: 324.20186pt x 542.025pt.
 [111]

LaTeX Warning: Text page 112 contains only floats.

[112 <./SteadyState.pdf>]
Underfull \hbox (badness 10000) in paragraph at lines 5078--5079
[]\OT1/ppl/m/n/10 (+20) ECJ's top-level Steady-State Evo-lu-tion loop, im-ple-m
ented in the class
 []

[113

] [114]
Underfull \hbox (badness 1648) in paragraph at lines 5199--5200
[]\OT1/ppl/m/n/10 (+20) (Yes, it's the same name). If an Ex-changer makes this 
promise, it gets to im-ple-ment the
 []

[115]
Underfull \hbox (badness 10000) in paragraph at lines 5255--5255

 []

[116] [117] [118]
Underfull \hbox (badness 4505) in paragraph at lines 5400--5401
[]\OT1/ppl/m/n/10 (+20) Finally, to grab the best in-di-vid-ual from the pre-vi
-ous sub-pop-u-la-tion ef-fi-ciently, we use
 []

[119]
Underfull \hbox (badness 4505) in paragraph at lines 5451--5452
[]\OT1/ppl/m/n/10 (+20) Finally, to grab the best in-di-vid-ual from the pre-vi
-ous sub-pop-u-la-tion ef-fi-ciently, we use
 []


Underfull \hbox (badness 4505) in paragraph at lines 5504--5505
[]\OT1/ppl/m/n/10 (+20) Finally, to grab the best in-di-vid-ual from the pre-vi
-ous sub-pop-u-la-tion ef-fi-ciently, we use
 []

[120] [121] [122]
Chapter 5.

Underfull \hbox (badness 3219) in paragraph at lines 5625--5626
[]\OT1/ppl/m/n/10 (+20) Note that all the integer-type In-di-vid-u-als (byte, s
hort, int, long) share the same species:
 []


Underfull \hbox (badness 10000) in paragraph at lines 5625--5626
[]\OT1/cmss/m/n/10 (+20) ec.vector.IntegerVectorSpecies\OT1/ppl/m/n/10 (+20) . 
Like-wise, all the float-type In-di-vid-u-als (float, dou-ble) share
 []

[123

] [124]
Underfull \hbox (badness 10000) in paragraph at lines 5728--5728

 []


Underfull \hbox (badness 10000) in paragraph at lines 5739--5739

 []

[125] [126]
Underfull \hbox (badness 2726) in paragraph at lines 5805--5806
[]\OT1/ppl/m/n/10 (+20) (It doesn't make sense to use a prob-a-bil-ity over 0.5
). It's im-por-tant to note that the
 []

[127]
Underfull \hbox (badness 10000) in paragraph at lines 5840--5840
[]\OT1/cmtt/m/n/9 pop.subpop.0.species.pipe = ec.vector.breed.VectorCrossoverPi
peline
 []

[128] [129] [130] [131] [132] [133] [134] [135] [136] [137] [138] [139]
[140] <GP.pdf, id=2144, 581.57076pt x 500.84515pt>
File: GP.pdf Graphic file (type pdf)
 <use GP.pdf>
Package pdftex.def Info: GP.pdf used on input line 6644.
(pdftex.def)             Requested size: 469.75499pt x 404.55128pt.
 [141] [142]
[143 <./GP.pdf>] <gptrees.pdf, id=2180, 500.87125pt x 433.62pt>
File: gptrees.pdf Graphic file (type pdf)

<use gptrees.pdf>
Package pdftex.def Info: gptrees.pdf used on input line 6668.
(pdftex.def)             Requested size: 289.07999pt x 250.27573pt.
 [144 <./gptrees.pdf>] [145] [146] [147]
Underfull \hbox (badness 10000) in paragraph at lines 6873--6873

 []


Underfull \hbox (badness 10000) in paragraph at lines 6873--6873

 []


Underfull \hbox (badness 10000) in paragraph at lines 6873--6873

 []

[148] <simplegptree.pdf, id=2223, 143.53625pt x 281.05pt>
File: simplegptree.pdf Graphic file (type pdf)

<use simplegptree.pdf>
Package pdftex.def Info: simplegptree.pdf used on input line 6941.
(pdftex.def)             Requested size: 79.49744pt x 155.66295pt.
 [149 <./simplegptree.pdf>]

LaTeX Warning: Reference `GPProblem' on page 150 undefined on input line 6956.

[150] [151] [152] [153] [154] [155] [156]
Underfull \hbox (badness 10000) in paragraph at lines 7316--7317
[]\OT1/ppl/m/n/10 (+20) If you are us-ing a GPN-ode-Builder which gen-er-ates t
rees of a cer-tain size, and
 []

[157] [158] [159] [160]
Underfull \hbox (badness 10000) in paragraph at lines 7552--7552

 []


Underfull \hbox (badness 10000) in paragraph at lines 7552--7552

 []

[161]
Underfull \hbox (badness 10000) in paragraph at lines 7597--7597

 []


Underfull \hbox (badness 10000) in paragraph at lines 7597--7597

 []

[162] [163] <rehang.pdf, id=2341, 720.6925pt x 439.6425pt>
File: rehang.pdf Graphic file (type pdf)
 <use rehang.pdf>
Package pdftex.def Info: rehang.pdf used on input line 7753.
(pdftex.def)             Requested size: 397.48499pt x 242.47496pt.

[164] [165 <./rehang.pdf>]
Underfull \hbox (badness 10000) in paragraph at lines 7816--7816

 []


Underfull \hbox (badness 10000) in paragraph at lines 7830--7830

 []

[166]
Underfull \hbox (badness 10000) in paragraph at lines 7896--7896

 []


Underfull \hbox (badness 10000) in paragraph at lines 7896--7896

 []

[167]
Underfull \hbox (badness 10000) in paragraph at lines 7966--7966

 []


Underfull \hbox (badness 10000) in paragraph at lines 7966--7966

 []


Underfull \hbox (badness 10000) in paragraph at lines 7966--7966

 []


Underfull \hbox (badness 10000) in paragraph at lines 7966--7966

 []


Underfull \hbox (badness 10000) in paragraph at lines 7966--7966

 []


Underfull \hbox (badness 10000) in paragraph at lines 7966--7966

 []

[168]
Underfull \hbox (badness 10000) in paragraph at lines 8008--8008

 []


Underfull \hbox (badness 10000) in paragraph at lines 8008--8008

 []

[169] [170] [171] [172] [173] [174] [175]
<dot.pdf, id=2426, 315.1775pt x 405.515pt>
File: dot.pdf Graphic file (type pdf)
 <use dot.pdf>
Package pdftex.def Info: dot.pdf used on input line 8331.
(pdftex.def)             Requested size: 173.44756pt x 223.16386pt.

<latextree.pdf, id=2427, 152.57pt x 222.8325pt>
File: latextree.pdf Graphic file (type pdf)
 <use latextree.pdf>
Package pdftex.def Info: latextree.pdf used on input line 8331.
(pdftex.def)             Requested size: 144.54pt x 211.11165pt.
 [176]
[177 <./dot.pdf> <./latextree.pdf>] [178] [179] [180]
<ADF1.pdf, id=2482, 621.32124pt x 357.335pt>
File: ADF1.pdf Graphic file (type pdf)
 <use ADF1.pdf>
Package pdftex.def Info: ADF1.pdf used on input line 8615.
(pdftex.def)             Requested size: 433.62pt x 249.3858pt.

<ADF2.pdf, id=2483, 456.70625pt x 433.62pt>
File: ADF2.pdf Graphic file (type pdf)
 <use ADF2.pdf>
Package pdftex.def Info: ADF2.pdf used on input line 8623.
(pdftex.def)             Requested size: 289.07999pt x 274.47226pt.

<ADM.pdf, id=2484, 478.78876pt x 357.335pt>
File: ADM.pdf Graphic file (type pdf)
 <use ADM.pdf>
Package pdftex.def Info: ADM.pdf used on input line 8631.
(pdftex.def)             Requested size: 307.14749pt x 229.23341pt.
 [181] [182 <./ADF1.pdf>] [183 <./ADF2.pdf>] [184 <./ADM.pdf>]
Underfull \hbox (badness 10000) in paragraph at lines 8784--8784

 []


Underfull \hbox (badness 10000) in paragraph at lines 8784--8784

 []

[185]
Underfull \hbox (badness 10000) in paragraph at lines 8797--8797

 []

[186]
File: parsetree.pdf Graphic file (type pdf)
 <use parsetree.pdf>
Package pdftex.def Info: parsetree.pdf used on input line 8841.
(pdftex.def)             Requested size: 289.07999pt x 277.92719pt.
 [187] [188]
Underfull \hbox (badness 10000) in paragraph at lines 8914--8914

 []


Underfull \hbox (badness 10000) in paragraph at lines 8957--8957

 []


Underfull \hbox (badness 10000) in paragraph at lines 8957--8957

 []


Underfull \hbox (badness 10000) in paragraph at lines 8957--8957

 []


Underfull \hbox (badness 10000) in paragraph at lines 8957--8957

 []

[189] [190]
Underfull \hbox (badness 10000) in paragraph at lines 9072--9072

 []

[191] [192] [193]
Underfull \hbox (badness 10000) in paragraph at lines 9199--9199

 []


Underfull \hbox (badness 10000) in paragraph at lines 9199--9199

 []


Underfull \hbox (badness 10000) in paragraph at lines 9199--9199

 []

[194]
Underfull \hbox (badness 10000) in paragraph at lines 9216--9216

 []


Underfull \hbox (badness 10000) in paragraph at lines 9216--9216

 []


Underfull \hbox (badness 10000) in paragraph at lines 9216--9216

 []

[195] [196] [197] [198]
LaTeX Font Info:    Font shape `OT1/ppl/bx/it' in size <9> not available
(Font)              Font shape `OT1/ppl/b/it' tried instead on input line 9410.

 [199] [200]
Underfull \hbox (badness 10000) in paragraph at lines 9498--9498

 []


Underfull \hbox (badness 10000) in paragraph at lines 9498--9498

 []


Underfull \hbox (badness 10000) in paragraph at lines 9498--9498

 []


Underfull \hbox (badness 10000) in paragraph at lines 9498--9498

 []

[201]
Underfull \hbox (badness 10000) in paragraph at lines 9529--9529

 []


Underfull \hbox (badness 10000) in paragraph at lines 9529--9529

 []


Underfull \hbox (badness 10000) in paragraph at lines 9580--9580

 []


Underfull \hbox (badness 10000) in paragraph at lines 9580--9580

 []


Underfull \hbox (badness 10000) in paragraph at lines 9580--9580

 []

[202]
Underfull \hbox (badness 10000) in paragraph at lines 9601--9601

 []

[203] <ge.pdf, id=2674, 572.1375pt x 379.4175pt>
File: ge.pdf Graphic file (type pdf)
 <use ge.pdf>
Package pdftex.def Info: ge.pdf used on input line 9639.
(pdftex.def)             Requested size: 289.07999pt x 191.70563pt.
 [204] [205 <./ge.pdf>] [206]

LaTeX Font Warning: Font shape `OT1/cmss/m/sc' in size <10> not available
(Font)              Font shape `OT1/cmr/m/sc' tried instead on input line 9744.


(/usr/local/texlive/2013/texmf-dist/tex/latex/microtype/mt-cmr.cfg
File: mt-cmr.cfg 2013/05/19 v2.2 microtype config. file: Computer Modern Roman 
(RS)
) [207]
Underfull \hbox (badness 10000) in paragraph at lines 9832--9832

 []

[208]
Underfull \hbox (badness 10000) in paragraph at lines 9835--9836

 []


Overfull \hbox (0.82663pt too wide) in paragraph at lines 9861--9884
\OT1/cmtt/m/n/9 float.frominteger 
 []


Overfull \hbox (0.82663pt too wide) in paragraph at lines 9861--9884
\OT1/cmtt/m/n/9 float.fromboolean 
 []


Underfull \hbox (badness 10000) in paragraph at lines 9886--9898

 []


Underfull \hbox (badness 10000) in paragraph at lines 9900--9923

 []


Underfull \hbox (badness 10000) in paragraph at lines 9925--9933

 []


Overfull \hbox (7.2274pt too wide) in paragraph at lines 9837--9935
[]
 []


Underfull \hbox (badness 10000) in paragraph at lines 9837--9935

 []

[209]
Overfull \hbox (0.70744pt too wide) in paragraph at lines 9969--9971
[]
 []


Underfull \hbox (badness 10000) in paragraph at lines 9969--9971

 []

[210] [211]
Underfull \hbox (badness 10000) in paragraph at lines 10060--10060

 []

[212]
Underfull \hbox (badness 10000) in paragraph at lines 10130--10130

 []


Underfull \hbox (badness 10000) in paragraph at lines 10130--10130

 []


Underfull \hbox (badness 10000) in paragraph at lines 10156--10156

 []


Underfull \hbox (badness 10000) in paragraph at lines 10156--10156

 []

[213]
Underfull \hbox (badness 10000) in paragraph at lines 10192--10192

 []


Underfull \hbox (badness 10000) in paragraph at lines 10192--10192

 []


Underfull \hbox (badness 10000) in paragraph at lines 10192--10192

 []


Underfull \hbox (badness 10000) in paragraph at lines 10192--10192

 []


Underfull \hbox (badness 10000) in paragraph at lines 10192--10192

 []


Underfull \hbox (badness 10000) in paragraph at lines 10192--10192

 []


Underfull \hbox (badness 10000) in paragraph at lines 10192--10192

 []


Underfull \hbox (badness 10000) in paragraph at lines 10192--10192

 []


Underfull \hbox (badness 10000) in paragraph at lines 10205--10205

 []


Underfull \hbox (badness 10000) in paragraph at lines 10205--10205

 []

[214] [215] [216]
Underfull \hbox (badness 10000) in paragraph at lines 10394--10394

 []

[217]
Underfull \hbox (badness 1014) in paragraph at lines 10423--10424
[]\OT1/ppl/m/n/10 (+20) The []\OT1/cmss/m/n/10 (+20) ec.rule \OT1/ppl/m/n/10 (+
20) pack-age fol-lows the same ap-proach as the []\OT1/cmss/m/n/10 (+20) ec.vec
tor \OT1/ppl/m/n/10 (+20) pack-age does when it comes
 []


Underfull \hbox (badness 3000) in paragraph at lines 10423--10424
\OT1/ppl/m/n/10 (+20) to breed-ing: two ba-sic breed-ing op-er-a-tors are pro-v
ided ([]\OT1/cmss/m/n/10 (+20) ec.rule.breed.RuleCrossoverPipeline \OT1/ppl/m/n
/10 (+20) and
 []

[218] [219]
Underfull \hbox (badness 10000) in paragraph at lines 10528--10528

 []

[220]
Underfull \hbox (badness 10000) in paragraph at lines 10540--10540

 []

[221] [222] [223] [224] [225] [226]
Chapter 6.
<Distributed.pdf, id=2912, 498.86375pt x 366.36874pt>
File: Distributed.pdf Graphic file (type pdf)
 <use Distributed.pdf>
Package pdftex.def Info: Distributed.pdf used on input line 10839.
(pdftex.def)             Requested size: 289.07999pt x 212.30952pt.

[227

]
Underfull \hbox (badness 1990) in paragraph at lines 10876--10877
[]\OT1/ppl/m/n/10 (+20) Slaves reg-is-ter them-selves over the net-work with an
 ob-ject in the Mas-ter pro-cess called a
 []

[228 <./Distributed.pdf>] [229] [230]
File: SteadyState.pdf Graphic file (type pdf)
 <use SteadyState.pdf>
Package pdftex.def Info: SteadyState.pdf used on input line 11025.
(pdftex.def)             Requested size: 324.20186pt x 542.025pt.

Underfull \hbox (badness 10000) in paragraph at lines 11035--11036
\OT1/ppl/m/n/10 (+20) ECJ's dis-tributed eval-u-a-tion pro-ce-dure works in-tu-
itively with gen-er-a-tional meth-ods (such
 []


Underfull \hbox (badness 10000) in paragraph at lines 11035--11036
\OT1/ppl/m/n/10 (+20) as []\OT1/cmss/m/n/10 (+20) ec.simple.SimpleEvolutionStat
e\OT1/ppl/m/n/10 (+20) ) but it also works nicely with Steady-State evo-lu-tion

 []

[231] [232] [233

] [234] [235] [236] [237] [238] [239] [240] [241] [242]
Overfull \hbox (25.41922pt too wide) in paragraph at lines 11573--11573
[]\OT1/cmtt/m/n/9 protected Individual process(EvolutionState state, int thread
, String island, int subpop, Individual ind)[] 
 []

[243]
Overfull \hbox (25.41922pt too wide) in paragraph at lines 11587--11587
[]\OT1/cmtt/m/n/9 protected Individual process(EvolutionState state, int thread
, String island, int subpop, Individual ind)[] 
 []

[244]
Chapter 7.
[245

] [246]
Overfull \hbox (15.49684pt too wide) in paragraph at lines 11731--11731
[]                    \OT1/cmtt/m/n/9 SimpleFitness fit = (SimpleFitness)(pop.s
ubpops.get(i).individuals.get(j).fitness);[] 
 []

[247]
Overfull \hbox (15.49684pt too wide) in paragraph at lines 11731--11731
[]                    \OT1/cmtt/m/n/9 SimpleFitness fit = (SimpleFitness)(pop.s
ubpops.get(i).individuals.get(j).fitness);[] 
 []


Overfull \hbox (11.24438pt too wide) in paragraph at lines 11731--11731
[]                    \OT1/cmtt/m/n/9 // than by how much, we might set the fit
ness to, say, how often the doubleValue()[] 
 []


Underfull \hbox (badness 10000) in paragraph at lines 11748--11749
[]\OT1/ppl/m/n/10 (+20) ECJ does One-Population Com-pet-i-tive Co-evo-lu-tion w
ith a spe-cial Eval-u-a-tor called
 []

[248] [249] [250]
Overfull \hbox (34.39662pt too wide) in paragraph at lines 11897--11897
[]                        \OT1/cmtt/m/n/9 SimpleFitness fit = (SimpleFitness)(p
op.subpops.get(i).individuals.get(j).fitness);[] 
 []

[251] [252] [253]
Underfull \hbox (badness 4366) in paragraph at lines 11997--11998
[]\OT1/ppl/m/n/10 (+20) When ECJ sends off a group of In-di-vid-u-als to a re-m
ote site to be eval-u-ated us-ing a
 []

[254] [255] [256] [257]
Underfull \hbox (badness 10000) in paragraph at lines 12168--12168

 []


Underfull \hbox (badness 10000) in paragraph at lines 12168--12168

 []


Underfull \hbox (badness 10000) in paragraph at lines 12168--12168

 []

[258]
Underfull \hbox (badness 10000) in paragraph at lines 12186--12186

 []

[259] [260]
Underfull \hbox (badness 10000) in paragraph at lines 12287--12287
[]\OT1/cmtt/m/n/9 # We strongly suggest this be an even number if you're doing 
toroidal (see below)
 []


Underfull \hbox (badness 10000) in paragraph at lines 12378--12378

 []


Underfull \hbox (badness 10000) in paragraph at lines 12378--12378

 []


Underfull \hbox (badness 10000) in paragraph at lines 12378--12378

 []


Underfull \hbox (badness 10000) in paragraph at lines 12378--12378

 []


Underfull \hbox (badness 10000) in paragraph at lines 12378--12378

 []


Underfull \hbox (badness 10000) in paragraph at lines 12378--12378

 []


Underfull \hbox (badness 10000) in paragraph at lines 12378--12378

 []

[261] [262]
Underfull \hbox (badness 10000) in paragraph at lines 12406--12406
[]\OT1/cmtt/m/n/9 # This pipeline won't be used, it's just a dummy, pick some s
imple
 []


Underfull \hbox (badness 10000) in paragraph at lines 12406--12406
\OT1/cmtt/m/n/9 stuff pop.subpop.0.species.pipe = ec.breed.ReproductionPipeline

 []


Underfull \hbox (badness 10000) in paragraph at lines 12414--12414
[]\OT1/cmtt/m/n/9 pop.subpop.0.species.mutation-prob = 1.0 pop.subpop.0.species
.mutation-type = reset
 []

[263]
Underfull \hbox (badness 10000) in paragraph at lines 12425--12426
\OT1/ppl/m/n/9 (+20) Cre-ates and re-turns a new In-di-vid-ual de-rived from th
e par-ent In-di-vid-ual found in
 []


Underfull \hbox (badness 10000) in paragraph at lines 12425--12426
[]\OT1/cmss/m/n/9 (+20) state.population.subpops.get(subpop).individuals.get(in
dex)\OT1/ppl/m/n/9 (+20) , us-ing other in-di-vid-u-als cho-sen from
 []

[264] [265] [266]

Package hyperref Warning: Difference (2) between bookmark levels is greater 
(hyperref)                than one, level fixed on input line 12624.

[267]
Underfull \hbox (badness 10000) in paragraph at lines 12723--12723

 []


Underfull \hbox (badness 10000) in paragraph at lines 12723--12723

 []

[268] [269] [270] [271] [272]
Underfull \hbox (badness 10000) in paragraph at lines 12948--12949
[]\OT1/ppl/m/n/10 (+20) CMA-ES only uses real-valued vec-tor in-di-vid-u-als, a
nd so is re-stricted to us-ing
 []

[273] [274] [275] [276] [277]
Underfull \hbox (badness 10000) in paragraph at lines 13144--13144
\OT1/cmtt/m/n/9 pop.subpop.0.species.constraints-b = -5000 -5000 -5000 -5000 -5
000 -5000 -5000 -5000
 []


Underfull \hbox (badness 10000) in paragraph at lines 13182--13182
[]\OT1/cmtt/m/n/9 // g is our evaluated value, higher values are better: ((DOVS
Fitness)
 []

[278] [279] [280] [281] [282] [283] [284]
Underfull \hbox (badness 5985) in paragraph at lines 13505--13506
[]\OT1/ppl/m/n/10 (+20) Not com-pli-cated! How-ever, in ad-di-tion to var-i-ous
 muz-zling pa-ram-e-ters ([]\OT1/cmtt/m/n/10 stat.silent\OT1/ppl/m/n/10 (+20) ,

 []

[285] [286] [287] (./manual.bbl [288]
Underfull \hbox (badness 10000) in paragraph at lines 53--57
[]\OT1/ppl/m/n/10 (+20) Sean Luke.  \OT1/ppl/m/it/10 (+20) Es-sen-tials of Meta
-heuris-tics\OT1/ppl/m/n/10 (+20) .  2009.  Avail-able at
 []

[289

]) (./manual.ind [290] [291

]
Underfull \hbox (badness 10000) in paragraph at lines 151--152
[]\OT1/ppl/m/n/10 (+20) ec,parsimony.LexicographicTournamentSelection,
 []


Underfull \hbox (badness 10000) in paragraph at lines 160--162
[]\OT1/ppl/m/n/10 (+20) ec.app.myapp.X, ec.app.myapp.Y,
 []


Underfull \hbox (badness 10000) in paragraph at lines 160--162
\OT1/ppl/m/n/10 (+20) ec.app.myapp.Mul, ec.app.myapp.Sub,
 []

[292] [293]
Underfull \hbox (badness 10000) in paragraph at lines 435--437
[]\OT1/ppl/m/n/10 (+20) ec.vector.breed.MultipleVectorCrossoverPipeline,
 []

[294]
Underfull \hbox (badness 1067) in paragraph at lines 562--564
[]\OT1/ppl/m/n/10 (+20) float.* float.+ float.% float.- float.dup float.swap
 []

[295]
Underfull \hbox (badness 10000) in paragraph at lines 644--645
[]\OT1/ppl/m/n/10 (-20) IslandExchange.ISLAND[]INDEX[]LOOKUP[]FAILED,
 []

[296]
Overfull \hbox (7.65585pt too wide) in paragraph at lines 737--739
[]\OT1/ppl/m/n/10 (-20) newFitness.setContext(oldFitness.getContext(context)),
 []


Underfull \hbox (badness 10000) in paragraph at lines 804--806
[]\OT1/ppl/m/n/10 (+20) pop.subpop.0.species.alternative-polynomial-
 []

[297]
Underfull \hbox (badness 10000) in paragraph at lines 807--809
[]\OT1/ppl/m/n/10 (+20) pop.subpop.0.species.mutation-distribution-index,
 []


Underfull \hbox (badness 1242) in paragraph at lines 812--814
[]\OT1/ppl/m/n/10 (+20) pop.subpop.0.species.out-of-bounds-retries = 100,
 []


Underfull \hbox (badness 10000) in paragraph at lines 814--816
[]\OT1/ppl/m/n/10 (+18) pop.subpop.0.species.pipe.source.1.source.1.scaled-
 []

[298]
Overfull \hbox (34.59569pt too wide) in paragraph at lines 988--990
[]\OT1/ppl/m/n/10 (-20) state.population.subpops.get(subpop).individuals.get(in
dex),
 []


Overfull \hbox (18.72943pt too wide) in paragraph at lines 990--992
[]\OT1/ppl/m/n/10 (-20) state.population.subpops.get(subpopulation).f[]prototyp
e,
 []

[299] [300

])
Package atveryend Info: Empty hook `BeforeClearDocument' on input line 13657.
Package atveryend Info: Empty hook `AfterLastShipout' on input line 13657.
 (./manual.aux)
Package atveryend Info: Executing hook `AtVeryEndDocument' on input line 13657.

Package atveryend Info: Executing hook `AtEndAfterFileList' on input line 13657
.
Package rerunfilecheck Info: File `manual.out' has not changed.
(rerunfilecheck)             Checksum: 4609419054AAE051DCBD491B9DC7C339;16753.


LaTeX Font Warning: Some font shapes were not available, defaults substituted.


LaTeX Warning: There were undefined references.


LaTeX Warning: There were multiply-defined labels.

Package atveryend Info: Empty hook `AtVeryVeryEnd' on input line 13657.
 ) 
Here is how much of TeX's memory you used:
 12537 strings out of 493315
 185167 string characters out of 6137904
 299514 words of memory out of 5000000
 14097 multiletter control sequences out of 15000+600000
 105206 words of font info for 659 fonts, out of 8000000 for 9000
 957 hyphenation exceptions out of 8191
 36i,16n,38p,1669b,562s stack positions out of 5000i,500n,10000p,200000b,80000s
{/usr/local/texlive/2013/texmf-dist/fonts/enc/dvips/base/8r.enc}{/usr/local/t
exlive/2013/texmf-dist/fonts/enc/dvips/cm-super/cm-super-ts1.enc}</usr/local/te
xlive/2013/texmf-dist/fonts/type1/public/amsfonts/cm/cmbx10.pfb></usr/local/tex
live/2013/texmf-dist/fonts/type1/public/amsfonts/cm/cmcsc10.pfb></usr/local/tex
live/2013/texmf-dist/fonts/type1/public/amsfonts/cm/cmex10.pfb></usr/local/texl
ive/2013/texmf-dist/fonts/type1/public/amsfonts/cm/cmitt10.pfb></usr/local/texl
ive/2013/texmf-dist/fonts/type1/public/amsfonts/cm/cmmi10.pfb></usr/local/texli
ve/2013/texmf-dist/fonts/type1/public/amsfonts/cm/cmmib10.pfb></usr/local/texli
ve/2013/texmf-dist/fonts/type1/public/amsfonts/cm/cmr10.pfb></usr/local/texlive
/2013/texmf-dist/fonts/type1/public/amsfonts/cm/cmss10.pfb></usr/local/texlive/
2013/texmf-dist/fonts/type1/public/amsfonts/cm/cmss8.pfb></usr/local/texlive/20
13/texmf-dist/fonts/type1/public/amsfonts/cm/cmss9.pfb></usr/local/texlive/2013
/texmf-dist/fonts/type1/public/amsfonts/cm/cmssbx10.pfb></usr/local/texlive/201
3/texmf-dist/fonts/type1/public/amsfonts/cm/cmssi10.pfb></usr/local/texlive/201
3/texmf-dist/fonts/type1/public/amsfonts/cm/cmssi9.pfb></usr/local/texlive/2013
/texmf-dist/fonts/type1/public/amsfonts/cm/cmsy10.pfb></usr/local/texlive/2013/
texmf-dist/fonts/type1/public/amsfonts/cm/cmsy8.pfb></usr/local/texlive/2013/te
xmf-dist/fonts/type1/public/amsfonts/cm/cmsy9.pfb></usr/local/texlive/2013/texm
f-dist/fonts/type1/public/amsfonts/cm/cmtt10.pfb></usr/local/texlive/2013/texmf
-dist/fonts/type1/public/amsfonts/cm/cmtt8.pfb></usr/local/texlive/2013/texmf-d
ist/fonts/type1/public/amsfonts/cm/cmtt9.pfb></usr/local/texlive/2013/texmf-dis
t/fonts/type1/public/mathpazo/fplmbi.pfb></usr/local/texlive/2013/texmf-dist/fo
nts/type1/public/mathpazo/fplmr.pfb></usr/local/texlive/2013/texmf-dist/fonts/t
ype1/public/mathpazo/fplmri.pfb></usr/local/texlive/2013/texmf-dist/fonts/type1
/public/amsfonts/latxfont/lasy10.pfb></usr/local/texlive/2013/texmf-dist/fonts/
type1/public/amsfonts/latxfont/lcirclew.pfb></usr/local/texlive/2013/texmf-dist
/fonts/type1/public/cm-super/sftt0900.pfb></usr/local/texlive/2013/texmf-dist/f
onts/type1/public/cm-super/sftt1000.pfb></usr/local/texlive/2013/texmf-dist/fon
ts/type1/urw/palatino/uplb8a.pfb></usr/local/texlive/2013/texmf-dist/fonts/type
1/urw/palatino/uplbi8a.pfb></usr/local/texlive/2013/texmf-dist/fonts/type1/urw/
palatino/uplr8a.pfb></usr/local/texlive/2013/texmf-dist/fonts/type1/urw/palatin
o/uplri8a.pfb>
Output written on manual.pdf (302 pages, 1784651 bytes).
PDF statistics:
 4989 PDF objects out of 5155 (max. 8388607)
 4495 compressed objects within 45 object streams
 871 named destinations out of 1000 (max. 500000)
 69360 words of extra memory for PDF output out of 74296 (max. 10000000)

